Change Component Designator: Old Designator=D1 New Designator=D?
Change Component Designator: Old Designator=D2 New Designator=D?
Change Component Designator: Old Designator=D3 New Designator=D?
Change Component Designator: Old Designator=D4 New Designator=D?
Change Component Designator: Old Designator=L10 New Designator=L?
Change Component Designator: Old Designator=L11 New Designator=L?
Change Component Designator: Old Designator=L12 New Designator=L?
Change Component Designator: Old Designator=L13 New Designator=L?
Change Component Designator: Old Designator=LS1 New Designator=LS?
Change Component Designator: Old Designator=LS2 New Designator=LS?
Change Component Designator: Old Designator=LS3 New Designator=LS?
Change Component Designator: Old Designator=LS4 New Designator=LS?
Change Component Designator: Old Designator=Q8 New Designator=Q?
Change Component Designator: Old Designator=Q9 New Designator=Q?
Change Component Designator: Old Designator=Q10 New Designator=Q?
Change Component Designator: Old Designator=Q11 New Designator=Q?
Change Component Designator: Old Designator=R24 New Designator=R?
Change Component Designator: Old Designator=R25 New Designator=R?
Change Component Designator: Old Designator=R26 New Designator=R?
Change Component Designator: Old Designator=R27 New Designator=R?
Change Component Designator: Old Designator=R28 New Designator=R?
Change Component Designator: Old Designator=R29 New Designator=R?
Change Component Designator: Old Designator=R30 New Designator=R?
Change Component Designator: Old Designator=R31 New Designator=R?
