Added Component: Designator=LED107(WS2812B-Mini)
Add component. Clean all parameters for all variants
Add component (AddParameter): Name = "ComponentLink1Description"; Value = "LCSC"; VariantName = "[No Variations]"
Add component (AddParameter): Name = "ComponentLink1URL"; Value = "*https://lcsc.com/product-detail/Light-Emitting-Diodes-LED_Worldsemi-WS2812B-Mini_C527089.html"; VariantName = "[No Variations]"
Add component (AddParameter): Name = "Manufacturer"; Value = "Worldsemi"; VariantName = "[No Variations]"
Add component (AddParameter): Name = "Package"; Value = "SMD,3.5x3.5mm"; VariantName = "[No Variations]"
Add component (AddParameter): Name = "Parameter 1"; Value = ""; VariantName = "[No Variations]"
Added Component: Designator=LED108(WS2812B-Mini)
Add component. Clean all parameters for all variants
Add component (AddParameter): Name = "ComponentLink1Description"; Value = "LCSC"; VariantName = "[No Variations]"
Add component (AddParameter): Name = "ComponentLink1URL"; Value = "*https://lcsc.com/product-detail/Light-Emitting-Diodes-LED_Worldsemi-WS2812B-Mini_C527089.html"; VariantName = "[No Variations]"
Add component (AddParameter): Name = "Manufacturer"; Value = "Worldsemi"; VariantName = "[No Variations]"
Add component (AddParameter): Name = "Package"; Value = "SMD,3.5x3.5mm"; VariantName = "[No Variations]"
Add component (AddParameter): Name = "Parameter 1"; Value = ""; VariantName = "[No Variations]"
Added Component: Designator=LED109(WS2812B-Mini)
Add component. Clean all parameters for all variants
Add component (AddParameter): Name = "ComponentLink1Description"; Value = "LCSC"; VariantName = "[No Variations]"
Add component (AddParameter): Name = "ComponentLink1URL"; Value = "*https://lcsc.com/product-detail/Light-Emitting-Diodes-LED_Worldsemi-WS2812B-Mini_C527089.html"; VariantName = "[No Variations]"
Add component (AddParameter): Name = "Manufacturer"; Value = "Worldsemi"; VariantName = "[No Variations]"
Add component (AddParameter): Name = "Package"; Value = "SMD,3.5x3.5mm"; VariantName = "[No Variations]"
Add component (AddParameter): Name = "Parameter 1"; Value = ""; VariantName = "[No Variations]"
Added Component: Designator=LED110(WS2812B-Mini)
Add component. Clean all parameters for all variants
Add component (AddParameter): Name = "ComponentLink1Description"; Value = "LCSC"; VariantName = "[No Variations]"
Add component (AddParameter): Name = "ComponentLink1URL"; Value = "*https://lcsc.com/product-detail/Light-Emitting-Diodes-LED_Worldsemi-WS2812B-Mini_C527089.html"; VariantName = "[No Variations]"
Add component (AddParameter): Name = "Manufacturer"; Value = "Worldsemi"; VariantName = "[No Variations]"
Add component (AddParameter): Name = "Package"; Value = "SMD,3.5x3.5mm"; VariantName = "[No Variations]"
Add component (AddParameter): Name = "Parameter 1"; Value = ""; VariantName = "[No Variations]"
Added Component: Designator=LED111(WS2812B-Mini)
Add component. Clean all parameters for all variants
Add component (AddParameter): Name = "ComponentLink1Description"; Value = "LCSC"; VariantName = "[No Variations]"
Add component (AddParameter): Name = "ComponentLink1URL"; Value = "*https://lcsc.com/product-detail/Light-Emitting-Diodes-LED_Worldsemi-WS2812B-Mini_C527089.html"; VariantName = "[No Variations]"
Add component (AddParameter): Name = "Manufacturer"; Value = "Worldsemi"; VariantName = "[No Variations]"
Add component (AddParameter): Name = "Package"; Value = "SMD,3.5x3.5mm"; VariantName = "[No Variations]"
Add component (AddParameter): Name = "Parameter 1"; Value = ""; VariantName = "[No Variations]"
Added Component: Designator=LED112(WS2812B-Mini)
Add component. Clean all parameters for all variants
Add component (AddParameter): Name = "ComponentLink1Description"; Value = "LCSC"; VariantName = "[No Variations]"
Add component (AddParameter): Name = "ComponentLink1URL"; Value = "*https://lcsc.com/product-detail/Light-Emitting-Diodes-LED_Worldsemi-WS2812B-Mini_C527089.html"; VariantName = "[No Variations]"
Add component (AddParameter): Name = "Manufacturer"; Value = "Worldsemi"; VariantName = "[No Variations]"
Add component (AddParameter): Name = "Package"; Value = "SMD,3.5x3.5mm"; VariantName = "[No Variations]"
Add component (AddParameter): Name = "Parameter 1"; Value = ""; VariantName = "[No Variations]"
Added Component: Designator=LED113(WS2812B-Mini)
Add component. Clean all parameters for all variants
Add component (AddParameter): Name = "ComponentLink1Description"; Value = "LCSC"; VariantName = "[No Variations]"
Add component (AddParameter): Name = "ComponentLink1URL"; Value = "*https://lcsc.com/product-detail/Light-Emitting-Diodes-LED_Worldsemi-WS2812B-Mini_C527089.html"; VariantName = "[No Variations]"
Add component (AddParameter): Name = "Manufacturer"; Value = "Worldsemi"; VariantName = "[No Variations]"
Add component (AddParameter): Name = "Package"; Value = "SMD,3.5x3.5mm"; VariantName = "[No Variations]"
Add component (AddParameter): Name = "Parameter 1"; Value = ""; VariantName = "[No Variations]"
Added Component: Designator=LED114(WS2812B-Mini)
Add component. Clean all parameters for all variants
Add component (AddParameter): Name = "ComponentLink1Description"; Value = "LCSC"; VariantName = "[No Variations]"
Add component (AddParameter): Name = "ComponentLink1URL"; Value = "*https://lcsc.com/product-detail/Light-Emitting-Diodes-LED_Worldsemi-WS2812B-Mini_C527089.html"; VariantName = "[No Variations]"
Add component (AddParameter): Name = "Manufacturer"; Value = "Worldsemi"; VariantName = "[No Variations]"
Add component (AddParameter): Name = "Package"; Value = "SMD,3.5x3.5mm"; VariantName = "[No Variations]"
Add component (AddParameter): Name = "Parameter 1"; Value = ""; VariantName = "[No Variations]"
Added Component: Designator=LED115(WS2812B-Mini)
Add component. Clean all parameters for all variants
Add component (AddParameter): Name = "ComponentLink1Description"; Value = "LCSC"; VariantName = "[No Variations]"
Add component (AddParameter): Name = "ComponentLink1URL"; Value = "*https://lcsc.com/product-detail/Light-Emitting-Diodes-LED_Worldsemi-WS2812B-Mini_C527089.html"; VariantName = "[No Variations]"
Add component (AddParameter): Name = "Manufacturer"; Value = "Worldsemi"; VariantName = "[No Variations]"
Add component (AddParameter): Name = "Package"; Value = "SMD,3.5x3.5mm"; VariantName = "[No Variations]"
Add component (AddParameter): Name = "Parameter 1"; Value = ""; VariantName = "[No Variations]"
Added Component: Designator=LED116(WS2812B-Mini)
Add component. Clean all parameters for all variants
Add component (AddParameter): Name = "ComponentLink1Description"; Value = "LCSC"; VariantName = "[No Variations]"
Add component (AddParameter): Name = "ComponentLink1URL"; Value = "*https://lcsc.com/product-detail/Light-Emitting-Diodes-LED_Worldsemi-WS2812B-Mini_C527089.html"; VariantName = "[No Variations]"
Add component (AddParameter): Name = "Manufacturer"; Value = "Worldsemi"; VariantName = "[No Variations]"
Add component (AddParameter): Name = "Package"; Value = "SMD,3.5x3.5mm"; VariantName = "[No Variations]"
Add component (AddParameter): Name = "Parameter 1"; Value = ""; VariantName = "[No Variations]"
Added Component: Designator=LED117(WS2812B-Mini)
Add component. Clean all parameters for all variants
Add component (AddParameter): Name = "ComponentLink1Description"; Value = "LCSC"; VariantName = "[No Variations]"
Add component (AddParameter): Name = "ComponentLink1URL"; Value = "*https://lcsc.com/product-detail/Light-Emitting-Diodes-LED_Worldsemi-WS2812B-Mini_C527089.html"; VariantName = "[No Variations]"
Add component (AddParameter): Name = "Manufacturer"; Value = "Worldsemi"; VariantName = "[No Variations]"
Add component (AddParameter): Name = "Package"; Value = "SMD,3.5x3.5mm"; VariantName = "[No Variations]"
Add component (AddParameter): Name = "Parameter 1"; Value = ""; VariantName = "[No Variations]"
Added Component: Designator=LED118(WS2812B-Mini)
Add component. Clean all parameters for all variants
Add component (AddParameter): Name = "ComponentLink1Description"; Value = "LCSC"; VariantName = "[No Variations]"
Add component (AddParameter): Name = "ComponentLink1URL"; Value = "*https://lcsc.com/product-detail/Light-Emitting-Diodes-LED_Worldsemi-WS2812B-Mini_C527089.html"; VariantName = "[No Variations]"
Add component (AddParameter): Name = "Manufacturer"; Value = "Worldsemi"; VariantName = "[No Variations]"
Add component (AddParameter): Name = "Package"; Value = "SMD,3.5x3.5mm"; VariantName = "[No Variations]"
Add component (AddParameter): Name = "Parameter 1"; Value = ""; VariantName = "[No Variations]"
Added Component: Designator=LED119(WS2812B-Mini)
Add component. Clean all parameters for all variants
Add component (AddParameter): Name = "ComponentLink1Description"; Value = "LCSC"; VariantName = "[No Variations]"
Add component (AddParameter): Name = "ComponentLink1URL"; Value = "*https://lcsc.com/product-detail/Light-Emitting-Diodes-LED_Worldsemi-WS2812B-Mini_C527089.html"; VariantName = "[No Variations]"
Add component (AddParameter): Name = "Manufacturer"; Value = "Worldsemi"; VariantName = "[No Variations]"
Add component (AddParameter): Name = "Package"; Value = "SMD,3.5x3.5mm"; VariantName = "[No Variations]"
Add component (AddParameter): Name = "Parameter 1"; Value = ""; VariantName = "[No Variations]"
Added Component: Designator=LED120(WS2812B-Mini)
Add component. Clean all parameters for all variants
Add component (AddParameter): Name = "ComponentLink1Description"; Value = "LCSC"; VariantName = "[No Variations]"
Add component (AddParameter): Name = "ComponentLink1URL"; Value = "*https://lcsc.com/product-detail/Light-Emitting-Diodes-LED_Worldsemi-WS2812B-Mini_C527089.html"; VariantName = "[No Variations]"
Add component (AddParameter): Name = "Manufacturer"; Value = "Worldsemi"; VariantName = "[No Variations]"
Add component (AddParameter): Name = "Package"; Value = "SMD,3.5x3.5mm"; VariantName = "[No Variations]"
Add component (AddParameter): Name = "Parameter 1"; Value = ""; VariantName = "[No Variations]"
Added Component: Designator=LED121(WS2812B-Mini)
Add component. Clean all parameters for all variants
Add component (AddParameter): Name = "ComponentLink1Description"; Value = "LCSC"; VariantName = "[No Variations]"
Add component (AddParameter): Name = "ComponentLink1URL"; Value = "*https://lcsc.com/product-detail/Light-Emitting-Diodes-LED_Worldsemi-WS2812B-Mini_C527089.html"; VariantName = "[No Variations]"
Add component (AddParameter): Name = "Manufacturer"; Value = "Worldsemi"; VariantName = "[No Variations]"
Add component (AddParameter): Name = "Package"; Value = "SMD,3.5x3.5mm"; VariantName = "[No Variations]"
Add component (AddParameter): Name = "Parameter 1"; Value = ""; VariantName = "[No Variations]"
Added Component: Designator=LED122(WS2812B-Mini)
Add component. Clean all parameters for all variants
Add component (AddParameter): Name = "ComponentLink1Description"; Value = "LCSC"; VariantName = "[No Variations]"
Add component (AddParameter): Name = "ComponentLink1URL"; Value = "*https://lcsc.com/product-detail/Light-Emitting-Diodes-LED_Worldsemi-WS2812B-Mini_C527089.html"; VariantName = "[No Variations]"
Add component (AddParameter): Name = "Manufacturer"; Value = "Worldsemi"; VariantName = "[No Variations]"
Add component (AddParameter): Name = "Package"; Value = "SMD,3.5x3.5mm"; VariantName = "[No Variations]"
Add component (AddParameter): Name = "Parameter 1"; Value = ""; VariantName = "[No Variations]"
Added Component: Designator=LED123(WS2812B-Mini)
Add component. Clean all parameters for all variants
Add component (AddParameter): Name = "ComponentLink1Description"; Value = "LCSC"; VariantName = "[No Variations]"
Add component (AddParameter): Name = "ComponentLink1URL"; Value = "*https://lcsc.com/product-detail/Light-Emitting-Diodes-LED_Worldsemi-WS2812B-Mini_C527089.html"; VariantName = "[No Variations]"
Add component (AddParameter): Name = "Manufacturer"; Value = "Worldsemi"; VariantName = "[No Variations]"
Add component (AddParameter): Name = "Package"; Value = "SMD,3.5x3.5mm"; VariantName = "[No Variations]"
Add component (AddParameter): Name = "Parameter 1"; Value = ""; VariantName = "[No Variations]"
Added Component: Designator=LED124(WS2812B-Mini)
Add component. Clean all parameters for all variants
Add component (AddParameter): Name = "ComponentLink1Description"; Value = "LCSC"; VariantName = "[No Variations]"
Add component (AddParameter): Name = "ComponentLink1URL"; Value = "*https://lcsc.com/product-detail/Light-Emitting-Diodes-LED_Worldsemi-WS2812B-Mini_C527089.html"; VariantName = "[No Variations]"
Add component (AddParameter): Name = "Manufacturer"; Value = "Worldsemi"; VariantName = "[No Variations]"
Add component (AddParameter): Name = "Package"; Value = "SMD,3.5x3.5mm"; VariantName = "[No Variations]"
Add component (AddParameter): Name = "Parameter 1"; Value = ""; VariantName = "[No Variations]"
Added Component: Designator=LED125(WS2812B-Mini)
Add component. Clean all parameters for all variants
Add component (AddParameter): Name = "ComponentLink1Description"; Value = "LCSC"; VariantName = "[No Variations]"
Add component (AddParameter): Name = "ComponentLink1URL"; Value = "*https://lcsc.com/product-detail/Light-Emitting-Diodes-LED_Worldsemi-WS2812B-Mini_C527089.html"; VariantName = "[No Variations]"
Add component (AddParameter): Name = "Manufacturer"; Value = "Worldsemi"; VariantName = "[No Variations]"
Add component (AddParameter): Name = "Package"; Value = "SMD,3.5x3.5mm"; VariantName = "[No Variations]"
Add component (AddParameter): Name = "Parameter 1"; Value = ""; VariantName = "[No Variations]"
Added Component: Designator=LED126(WS2812B-Mini)
Add component. Clean all parameters for all variants
Add component (AddParameter): Name = "ComponentLink1Description"; Value = "LCSC"; VariantName = "[No Variations]"
Add component (AddParameter): Name = "ComponentLink1URL"; Value = "*https://lcsc.com/product-detail/Light-Emitting-Diodes-LED_Worldsemi-WS2812B-Mini_C527089.html"; VariantName = "[No Variations]"
Add component (AddParameter): Name = "Manufacturer"; Value = "Worldsemi"; VariantName = "[No Variations]"
Add component (AddParameter): Name = "Package"; Value = "SMD,3.5x3.5mm"; VariantName = "[No Variations]"
Add component (AddParameter): Name = "Parameter 1"; Value = ""; VariantName = "[No Variations]"
Added Component: Designator=LED127(WS2812B-Mini)
Add component. Clean all parameters for all variants
Add component (AddParameter): Name = "ComponentLink1Description"; Value = "LCSC"; VariantName = "[No Variations]"
Add component (AddParameter): Name = "ComponentLink1URL"; Value = "*https://lcsc.com/product-detail/Light-Emitting-Diodes-LED_Worldsemi-WS2812B-Mini_C527089.html"; VariantName = "[No Variations]"
Add component (AddParameter): Name = "Manufacturer"; Value = "Worldsemi"; VariantName = "[No Variations]"
Add component (AddParameter): Name = "Package"; Value = "SMD,3.5x3.5mm"; VariantName = "[No Variations]"
Add component (AddParameter): Name = "Parameter 1"; Value = ""; VariantName = "[No Variations]"
Added Component: Designator=LED128(WS2812B-Mini)
Add component. Clean all parameters for all variants
Add component (AddParameter): Name = "ComponentLink1Description"; Value = "LCSC"; VariantName = "[No Variations]"
Add component (AddParameter): Name = "ComponentLink1URL"; Value = "*https://lcsc.com/product-detail/Light-Emitting-Diodes-LED_Worldsemi-WS2812B-Mini_C527089.html"; VariantName = "[No Variations]"
Add component (AddParameter): Name = "Manufacturer"; Value = "Worldsemi"; VariantName = "[No Variations]"
Add component (AddParameter): Name = "Package"; Value = "SMD,3.5x3.5mm"; VariantName = "[No Variations]"
Add component (AddParameter): Name = "Parameter 1"; Value = ""; VariantName = "[No Variations]"
Added Component: Designator=LED129(WS2812B-Mini)
Add component. Clean all parameters for all variants
Add component (AddParameter): Name = "ComponentLink1Description"; Value = "LCSC"; VariantName = "[No Variations]"
Add component (AddParameter): Name = "ComponentLink1URL"; Value = "*https://lcsc.com/product-detail/Light-Emitting-Diodes-LED_Worldsemi-WS2812B-Mini_C527089.html"; VariantName = "[No Variations]"
Add component (AddParameter): Name = "Manufacturer"; Value = "Worldsemi"; VariantName = "[No Variations]"
Add component (AddParameter): Name = "Package"; Value = "SMD,3.5x3.5mm"; VariantName = "[No Variations]"
Add component (AddParameter): Name = "Parameter 1"; Value = ""; VariantName = "[No Variations]"
Added Component: Designator=LED130(WS2812B-Mini)
Add component. Clean all parameters for all variants
Add component (AddParameter): Name = "ComponentLink1Description"; Value = "LCSC"; VariantName = "[No Variations]"
Add component (AddParameter): Name = "ComponentLink1URL"; Value = "*https://lcsc.com/product-detail/Light-Emitting-Diodes-LED_Worldsemi-WS2812B-Mini_C527089.html"; VariantName = "[No Variations]"
Add component (AddParameter): Name = "Manufacturer"; Value = "Worldsemi"; VariantName = "[No Variations]"
Add component (AddParameter): Name = "Package"; Value = "SMD,3.5x3.5mm"; VariantName = "[No Variations]"
Add component (AddParameter): Name = "Parameter 1"; Value = ""; VariantName = "[No Variations]"
Added Component: Designator=LED131(WS2812B-Mini)
Add component. Clean all parameters for all variants
Add component (AddParameter): Name = "ComponentLink1Description"; Value = "LCSC"; VariantName = "[No Variations]"
Add component (AddParameter): Name = "ComponentLink1URL"; Value = "*https://lcsc.com/product-detail/Light-Emitting-Diodes-LED_Worldsemi-WS2812B-Mini_C527089.html"; VariantName = "[No Variations]"
Add component (AddParameter): Name = "Manufacturer"; Value = "Worldsemi"; VariantName = "[No Variations]"
Add component (AddParameter): Name = "Package"; Value = "SMD,3.5x3.5mm"; VariantName = "[No Variations]"
Add component (AddParameter): Name = "Parameter 1"; Value = ""; VariantName = "[No Variations]"
Added Component: Designator=LED132(WS2812B-Mini)
Add component. Clean all parameters for all variants
Add component (AddParameter): Name = "ComponentLink1Description"; Value = "LCSC"; VariantName = "[No Variations]"
Add component (AddParameter): Name = "ComponentLink1URL"; Value = "*https://lcsc.com/product-detail/Light-Emitting-Diodes-LED_Worldsemi-WS2812B-Mini_C527089.html"; VariantName = "[No Variations]"
Add component (AddParameter): Name = "Manufacturer"; Value = "Worldsemi"; VariantName = "[No Variations]"
Add component (AddParameter): Name = "Package"; Value = "SMD,3.5x3.5mm"; VariantName = "[No Variations]"
Add component (AddParameter): Name = "Parameter 1"; Value = ""; VariantName = "[No Variations]"
Added Component: Designator=LED133(WS2812B-Mini)
Add component. Clean all parameters for all variants
Add component (AddParameter): Name = "ComponentLink1Description"; Value = "LCSC"; VariantName = "[No Variations]"
Add component (AddParameter): Name = "ComponentLink1URL"; Value = "*https://lcsc.com/product-detail/Light-Emitting-Diodes-LED_Worldsemi-WS2812B-Mini_C527089.html"; VariantName = "[No Variations]"
Add component (AddParameter): Name = "Manufacturer"; Value = "Worldsemi"; VariantName = "[No Variations]"
Add component (AddParameter): Name = "Package"; Value = "SMD,3.5x3.5mm"; VariantName = "[No Variations]"
Add component (AddParameter): Name = "Parameter 1"; Value = ""; VariantName = "[No Variations]"
Added Component: Designator=LED134(WS2812B-Mini)
Add component. Clean all parameters for all variants
Add component (AddParameter): Name = "ComponentLink1Description"; Value = "LCSC"; VariantName = "[No Variations]"
Add component (AddParameter): Name = "ComponentLink1URL"; Value = "*https://lcsc.com/product-detail/Light-Emitting-Diodes-LED_Worldsemi-WS2812B-Mini_C527089.html"; VariantName = "[No Variations]"
Add component (AddParameter): Name = "Manufacturer"; Value = "Worldsemi"; VariantName = "[No Variations]"
Add component (AddParameter): Name = "Package"; Value = "SMD,3.5x3.5mm"; VariantName = "[No Variations]"
Add component (AddParameter): Name = "Parameter 1"; Value = ""; VariantName = "[No Variations]"
Added Component: Designator=LED135(WS2812B-Mini)
Add component. Clean all parameters for all variants
Add component (AddParameter): Name = "ComponentLink1Description"; Value = "LCSC"; VariantName = "[No Variations]"
Add component (AddParameter): Name = "ComponentLink1URL"; Value = "*https://lcsc.com/product-detail/Light-Emitting-Diodes-LED_Worldsemi-WS2812B-Mini_C527089.html"; VariantName = "[No Variations]"
Add component (AddParameter): Name = "Manufacturer"; Value = "Worldsemi"; VariantName = "[No Variations]"
Add component (AddParameter): Name = "Package"; Value = "SMD,3.5x3.5mm"; VariantName = "[No Variations]"
Add component (AddParameter): Name = "Parameter 1"; Value = ""; VariantName = "[No Variations]"
Added Component: Designator=LED136(WS2812B-Mini)
Add component. Clean all parameters for all variants
Add component (AddParameter): Name = "ComponentLink1Description"; Value = "LCSC"; VariantName = "[No Variations]"
Add component (AddParameter): Name = "ComponentLink1URL"; Value = "*https://lcsc.com/product-detail/Light-Emitting-Diodes-LED_Worldsemi-WS2812B-Mini_C527089.html"; VariantName = "[No Variations]"
Add component (AddParameter): Name = "Manufacturer"; Value = "Worldsemi"; VariantName = "[No Variations]"
Add component (AddParameter): Name = "Package"; Value = "SMD,3.5x3.5mm"; VariantName = "[No Variations]"
Add component (AddParameter): Name = "Parameter 1"; Value = ""; VariantName = "[No Variations]"
Added Component: Designator=LED137(WS2812B-Mini)
Add component. Clean all parameters for all variants
Add component (AddParameter): Name = "ComponentLink1Description"; Value = "LCSC"; VariantName = "[No Variations]"
Add component (AddParameter): Name = "ComponentLink1URL"; Value = "*https://lcsc.com/product-detail/Light-Emitting-Diodes-LED_Worldsemi-WS2812B-Mini_C527089.html"; VariantName = "[No Variations]"
Add component (AddParameter): Name = "Manufacturer"; Value = "Worldsemi"; VariantName = "[No Variations]"
Add component (AddParameter): Name = "Package"; Value = "SMD,3.5x3.5mm"; VariantName = "[No Variations]"
Add component (AddParameter): Name = "Parameter 1"; Value = ""; VariantName = "[No Variations]"
Added Component: Designator=LED138(WS2812B-Mini)
Add component. Clean all parameters for all variants
Add component (AddParameter): Name = "ComponentLink1Description"; Value = "LCSC"; VariantName = "[No Variations]"
Add component (AddParameter): Name = "ComponentLink1URL"; Value = "*https://lcsc.com/product-detail/Light-Emitting-Diodes-LED_Worldsemi-WS2812B-Mini_C527089.html"; VariantName = "[No Variations]"
Add component (AddParameter): Name = "Manufacturer"; Value = "Worldsemi"; VariantName = "[No Variations]"
Add component (AddParameter): Name = "Package"; Value = "SMD,3.5x3.5mm"; VariantName = "[No Variations]"
Add component (AddParameter): Name = "Parameter 1"; Value = ""; VariantName = "[No Variations]"
Added Component: Designator=LED139(WS2812B-Mini)
Add component. Clean all parameters for all variants
Add component (AddParameter): Name = "ComponentLink1Description"; Value = "LCSC"; VariantName = "[No Variations]"
Add component (AddParameter): Name = "ComponentLink1URL"; Value = "*https://lcsc.com/product-detail/Light-Emitting-Diodes-LED_Worldsemi-WS2812B-Mini_C527089.html"; VariantName = "[No Variations]"
Add component (AddParameter): Name = "Manufacturer"; Value = "Worldsemi"; VariantName = "[No Variations]"
Add component (AddParameter): Name = "Package"; Value = "SMD,3.5x3.5mm"; VariantName = "[No Variations]"
Add component (AddParameter): Name = "Parameter 1"; Value = ""; VariantName = "[No Variations]"
Added Component: Designator=LED140(WS2812B-Mini)
Add component. Clean all parameters for all variants
Add component (AddParameter): Name = "ComponentLink1Description"; Value = "LCSC"; VariantName = "[No Variations]"
Add component (AddParameter): Name = "ComponentLink1URL"; Value = "*https://lcsc.com/product-detail/Light-Emitting-Diodes-LED_Worldsemi-WS2812B-Mini_C527089.html"; VariantName = "[No Variations]"
Add component (AddParameter): Name = "Manufacturer"; Value = "Worldsemi"; VariantName = "[No Variations]"
Add component (AddParameter): Name = "Package"; Value = "SMD,3.5x3.5mm"; VariantName = "[No Variations]"
Add component (AddParameter): Name = "Parameter 1"; Value = ""; VariantName = "[No Variations]"
Added Component: Designator=LED141(WS2812B-Mini)
Add component. Clean all parameters for all variants
Add component (AddParameter): Name = "ComponentLink1Description"; Value = "LCSC"; VariantName = "[No Variations]"
Add component (AddParameter): Name = "ComponentLink1URL"; Value = "*https://lcsc.com/product-detail/Light-Emitting-Diodes-LED_Worldsemi-WS2812B-Mini_C527089.html"; VariantName = "[No Variations]"
Add component (AddParameter): Name = "Manufacturer"; Value = "Worldsemi"; VariantName = "[No Variations]"
Add component (AddParameter): Name = "Package"; Value = "SMD,3.5x3.5mm"; VariantName = "[No Variations]"
Add component (AddParameter): Name = "Parameter 1"; Value = ""; VariantName = "[No Variations]"
Added Component: Designator=LED142(WS2812B-Mini)
Add component. Clean all parameters for all variants
Add component (AddParameter): Name = "ComponentLink1Description"; Value = "LCSC"; VariantName = "[No Variations]"
Add component (AddParameter): Name = "ComponentLink1URL"; Value = "*https://lcsc.com/product-detail/Light-Emitting-Diodes-LED_Worldsemi-WS2812B-Mini_C527089.html"; VariantName = "[No Variations]"
Add component (AddParameter): Name = "Manufacturer"; Value = "Worldsemi"; VariantName = "[No Variations]"
Add component (AddParameter): Name = "Package"; Value = "SMD,3.5x3.5mm"; VariantName = "[No Variations]"
Add component (AddParameter): Name = "Parameter 1"; Value = ""; VariantName = "[No Variations]"
Added Component: Designator=LED143(WS2812B-Mini)
Add component. Clean all parameters for all variants
Add component (AddParameter): Name = "ComponentLink1Description"; Value = "LCSC"; VariantName = "[No Variations]"
Add component (AddParameter): Name = "ComponentLink1URL"; Value = "*https://lcsc.com/product-detail/Light-Emitting-Diodes-LED_Worldsemi-WS2812B-Mini_C527089.html"; VariantName = "[No Variations]"
Add component (AddParameter): Name = "Manufacturer"; Value = "Worldsemi"; VariantName = "[No Variations]"
Add component (AddParameter): Name = "Package"; Value = "SMD,3.5x3.5mm"; VariantName = "[No Variations]"
Add component (AddParameter): Name = "Parameter 1"; Value = ""; VariantName = "[No Variations]"
Added Component: Designator=LED144(WS2812B-Mini)
Add component. Clean all parameters for all variants
Add component (AddParameter): Name = "ComponentLink1Description"; Value = "LCSC"; VariantName = "[No Variations]"
Add component (AddParameter): Name = "ComponentLink1URL"; Value = "*https://lcsc.com/product-detail/Light-Emitting-Diodes-LED_Worldsemi-WS2812B-Mini_C527089.html"; VariantName = "[No Variations]"
Add component (AddParameter): Name = "Manufacturer"; Value = "Worldsemi"; VariantName = "[No Variations]"
Add component (AddParameter): Name = "Package"; Value = "SMD,3.5x3.5mm"; VariantName = "[No Variations]"
Add component (AddParameter): Name = "Parameter 1"; Value = ""; VariantName = "[No Variations]"
Added Component: Designator=LED145(WS2812B-Mini)
Add component. Clean all parameters for all variants
Add component (AddParameter): Name = "ComponentLink1Description"; Value = "LCSC"; VariantName = "[No Variations]"
Add component (AddParameter): Name = "ComponentLink1URL"; Value = "*https://lcsc.com/product-detail/Light-Emitting-Diodes-LED_Worldsemi-WS2812B-Mini_C527089.html"; VariantName = "[No Variations]"
Add component (AddParameter): Name = "Manufacturer"; Value = "Worldsemi"; VariantName = "[No Variations]"
Add component (AddParameter): Name = "Package"; Value = "SMD,3.5x3.5mm"; VariantName = "[No Variations]"
Add component (AddParameter): Name = "Parameter 1"; Value = ""; VariantName = "[No Variations]"
Added Component: Designator=LED146(WS2812B-Mini)
Add component. Clean all parameters for all variants
Add component (AddParameter): Name = "ComponentLink1Description"; Value = "LCSC"; VariantName = "[No Variations]"
Add component (AddParameter): Name = "ComponentLink1URL"; Value = "*https://lcsc.com/product-detail/Light-Emitting-Diodes-LED_Worldsemi-WS2812B-Mini_C527089.html"; VariantName = "[No Variations]"
Add component (AddParameter): Name = "Manufacturer"; Value = "Worldsemi"; VariantName = "[No Variations]"
Add component (AddParameter): Name = "Package"; Value = "SMD,3.5x3.5mm"; VariantName = "[No Variations]"
Add component (AddParameter): Name = "Parameter 1"; Value = ""; VariantName = "[No Variations]"
Added Component: Designator=LED147(WS2812B-Mini)
Add component. Clean all parameters for all variants
Add component (AddParameter): Name = "ComponentLink1Description"; Value = "LCSC"; VariantName = "[No Variations]"
Add component (AddParameter): Name = "ComponentLink1URL"; Value = "*https://lcsc.com/product-detail/Light-Emitting-Diodes-LED_Worldsemi-WS2812B-Mini_C527089.html"; VariantName = "[No Variations]"
Add component (AddParameter): Name = "Manufacturer"; Value = "Worldsemi"; VariantName = "[No Variations]"
Add component (AddParameter): Name = "Package"; Value = "SMD,3.5x3.5mm"; VariantName = "[No Variations]"
Add component (AddParameter): Name = "Parameter 1"; Value = ""; VariantName = "[No Variations]"
Added Component: Designator=LED148(WS2812B-Mini)
Add component. Clean all parameters for all variants
Add component (AddParameter): Name = "ComponentLink1Description"; Value = "LCSC"; VariantName = "[No Variations]"
Add component (AddParameter): Name = "ComponentLink1URL"; Value = "*https://lcsc.com/product-detail/Light-Emitting-Diodes-LED_Worldsemi-WS2812B-Mini_C527089.html"; VariantName = "[No Variations]"
Add component (AddParameter): Name = "Manufacturer"; Value = "Worldsemi"; VariantName = "[No Variations]"
Add component (AddParameter): Name = "Package"; Value = "SMD,3.5x3.5mm"; VariantName = "[No Variations]"
Add component (AddParameter): Name = "Parameter 1"; Value = ""; VariantName = "[No Variations]"
Added Component: Designator=LED149(WS2812B-Mini)
Add component. Clean all parameters for all variants
Add component (AddParameter): Name = "ComponentLink1Description"; Value = "LCSC"; VariantName = "[No Variations]"
Add component (AddParameter): Name = "ComponentLink1URL"; Value = "*https://lcsc.com/product-detail/Light-Emitting-Diodes-LED_Worldsemi-WS2812B-Mini_C527089.html"; VariantName = "[No Variations]"
Add component (AddParameter): Name = "Manufacturer"; Value = "Worldsemi"; VariantName = "[No Variations]"
Add component (AddParameter): Name = "Package"; Value = "SMD,3.5x3.5mm"; VariantName = "[No Variations]"
Add component (AddParameter): Name = "Parameter 1"; Value = ""; VariantName = "[No Variations]"
Added Component: Designator=LED150(WS2812B-Mini)
Add component. Clean all parameters for all variants
Add component (AddParameter): Name = "ComponentLink1Description"; Value = "LCSC"; VariantName = "[No Variations]"
Add component (AddParameter): Name = "ComponentLink1URL"; Value = "*https://lcsc.com/product-detail/Light-Emitting-Diodes-LED_Worldsemi-WS2812B-Mini_C527089.html"; VariantName = "[No Variations]"
Add component (AddParameter): Name = "Manufacturer"; Value = "Worldsemi"; VariantName = "[No Variations]"
Add component (AddParameter): Name = "Package"; Value = "SMD,3.5x3.5mm"; VariantName = "[No Variations]"
Add component (AddParameter): Name = "Parameter 1"; Value = ""; VariantName = "[No Variations]"
Added Component: Designator=LED151(WS2812B-Mini)
Add component. Clean all parameters for all variants
Add component (AddParameter): Name = "ComponentLink1Description"; Value = "LCSC"; VariantName = "[No Variations]"
Add component (AddParameter): Name = "ComponentLink1URL"; Value = "*https://lcsc.com/product-detail/Light-Emitting-Diodes-LED_Worldsemi-WS2812B-Mini_C527089.html"; VariantName = "[No Variations]"
Add component (AddParameter): Name = "Manufacturer"; Value = "Worldsemi"; VariantName = "[No Variations]"
Add component (AddParameter): Name = "Package"; Value = "SMD,3.5x3.5mm"; VariantName = "[No Variations]"
Add component (AddParameter): Name = "Parameter 1"; Value = ""; VariantName = "[No Variations]"
Added Component: Designator=LED152(WS2812B-Mini)
Add component. Clean all parameters for all variants
Add component (AddParameter): Name = "ComponentLink1Description"; Value = "LCSC"; VariantName = "[No Variations]"
Add component (AddParameter): Name = "ComponentLink1URL"; Value = "*https://lcsc.com/product-detail/Light-Emitting-Diodes-LED_Worldsemi-WS2812B-Mini_C527089.html"; VariantName = "[No Variations]"
Add component (AddParameter): Name = "Manufacturer"; Value = "Worldsemi"; VariantName = "[No Variations]"
Add component (AddParameter): Name = "Package"; Value = "SMD,3.5x3.5mm"; VariantName = "[No Variations]"
Add component (AddParameter): Name = "Parameter 1"; Value = ""; VariantName = "[No Variations]"
Added Component: Designator=LED153(WS2812B-Mini)
Add component. Clean all parameters for all variants
Add component (AddParameter): Name = "ComponentLink1Description"; Value = "LCSC"; VariantName = "[No Variations]"
Add component (AddParameter): Name = "ComponentLink1URL"; Value = "*https://lcsc.com/product-detail/Light-Emitting-Diodes-LED_Worldsemi-WS2812B-Mini_C527089.html"; VariantName = "[No Variations]"
Add component (AddParameter): Name = "Manufacturer"; Value = "Worldsemi"; VariantName = "[No Variations]"
Add component (AddParameter): Name = "Package"; Value = "SMD,3.5x3.5mm"; VariantName = "[No Variations]"
Add component (AddParameter): Name = "Parameter 1"; Value = ""; VariantName = "[No Variations]"
Added Component: Designator=LED154(WS2812B-Mini)
Add component. Clean all parameters for all variants
Add component (AddParameter): Name = "ComponentLink1Description"; Value = "LCSC"; VariantName = "[No Variations]"
Add component (AddParameter): Name = "ComponentLink1URL"; Value = "*https://lcsc.com/product-detail/Light-Emitting-Diodes-LED_Worldsemi-WS2812B-Mini_C527089.html"; VariantName = "[No Variations]"
Add component (AddParameter): Name = "Manufacturer"; Value = "Worldsemi"; VariantName = "[No Variations]"
Add component (AddParameter): Name = "Package"; Value = "SMD,3.5x3.5mm"; VariantName = "[No Variations]"
Add component (AddParameter): Name = "Parameter 1"; Value = ""; VariantName = "[No Variations]"
Added Component: Designator=LED155(WS2812B-Mini)
Add component. Clean all parameters for all variants
Add component (AddParameter): Name = "ComponentLink1Description"; Value = "LCSC"; VariantName = "[No Variations]"
Add component (AddParameter): Name = "ComponentLink1URL"; Value = "*https://lcsc.com/product-detail/Light-Emitting-Diodes-LED_Worldsemi-WS2812B-Mini_C527089.html"; VariantName = "[No Variations]"
Add component (AddParameter): Name = "Manufacturer"; Value = "Worldsemi"; VariantName = "[No Variations]"
Add component (AddParameter): Name = "Package"; Value = "SMD,3.5x3.5mm"; VariantName = "[No Variations]"
Add component (AddParameter): Name = "Parameter 1"; Value = ""; VariantName = "[No Variations]"
Added Component: Designator=LED156(WS2812B-Mini)
Add component. Clean all parameters for all variants
Add component (AddParameter): Name = "ComponentLink1Description"; Value = "LCSC"; VariantName = "[No Variations]"
Add component (AddParameter): Name = "ComponentLink1URL"; Value = "*https://lcsc.com/product-detail/Light-Emitting-Diodes-LED_Worldsemi-WS2812B-Mini_C527089.html"; VariantName = "[No Variations]"
Add component (AddParameter): Name = "Manufacturer"; Value = "Worldsemi"; VariantName = "[No Variations]"
Add component (AddParameter): Name = "Package"; Value = "SMD,3.5x3.5mm"; VariantName = "[No Variations]"
Add component (AddParameter): Name = "Parameter 1"; Value = ""; VariantName = "[No Variations]"
Added Component: Designator=LED157(WS2812B-Mini)
Add component. Clean all parameters for all variants
Add component (AddParameter): Name = "ComponentLink1Description"; Value = "LCSC"; VariantName = "[No Variations]"
Add component (AddParameter): Name = "ComponentLink1URL"; Value = "*https://lcsc.com/product-detail/Light-Emitting-Diodes-LED_Worldsemi-WS2812B-Mini_C527089.html"; VariantName = "[No Variations]"
Add component (AddParameter): Name = "Manufacturer"; Value = "Worldsemi"; VariantName = "[No Variations]"
Add component (AddParameter): Name = "Package"; Value = "SMD,3.5x3.5mm"; VariantName = "[No Variations]"
Add component (AddParameter): Name = "Parameter 1"; Value = ""; VariantName = "[No Variations]"
Added Component: Designator=LED158(WS2812B-Mini)
Add component. Clean all parameters for all variants
Add component (AddParameter): Name = "ComponentLink1Description"; Value = "LCSC"; VariantName = "[No Variations]"
Add component (AddParameter): Name = "ComponentLink1URL"; Value = "*https://lcsc.com/product-detail/Light-Emitting-Diodes-LED_Worldsemi-WS2812B-Mini_C527089.html"; VariantName = "[No Variations]"
Add component (AddParameter): Name = "Manufacturer"; Value = "Worldsemi"; VariantName = "[No Variations]"
Add component (AddParameter): Name = "Package"; Value = "SMD,3.5x3.5mm"; VariantName = "[No Variations]"
Add component (AddParameter): Name = "Parameter 1"; Value = ""; VariantName = "[No Variations]"
Added Component: Designator=LED159(WS2812B-Mini)
Add component. Clean all parameters for all variants
Add component (AddParameter): Name = "ComponentLink1Description"; Value = "LCSC"; VariantName = "[No Variations]"
Add component (AddParameter): Name = "ComponentLink1URL"; Value = "*https://lcsc.com/product-detail/Light-Emitting-Diodes-LED_Worldsemi-WS2812B-Mini_C527089.html"; VariantName = "[No Variations]"
Add component (AddParameter): Name = "Manufacturer"; Value = "Worldsemi"; VariantName = "[No Variations]"
Add component (AddParameter): Name = "Package"; Value = "SMD,3.5x3.5mm"; VariantName = "[No Variations]"
Add component (AddParameter): Name = "Parameter 1"; Value = ""; VariantName = "[No Variations]"
Added Component: Designator=LED160(WS2812B-Mini)
Add component. Clean all parameters for all variants
Add component (AddParameter): Name = "ComponentLink1Description"; Value = "LCSC"; VariantName = "[No Variations]"
Add component (AddParameter): Name = "ComponentLink1URL"; Value = "*https://lcsc.com/product-detail/Light-Emitting-Diodes-LED_Worldsemi-WS2812B-Mini_C527089.html"; VariantName = "[No Variations]"
Add component (AddParameter): Name = "Manufacturer"; Value = "Worldsemi"; VariantName = "[No Variations]"
Add component (AddParameter): Name = "Package"; Value = "SMD,3.5x3.5mm"; VariantName = "[No Variations]"
Add component (AddParameter): Name = "Parameter 1"; Value = ""; VariantName = "[No Variations]"
Added Pin To Net: NetName=5V Pin=LED107-1
Added Pin To Net: NetName=GND Pin=LED107-3
Added Pin To Net: NetName=5V Pin=LED108-1
Added Pin To Net: NetName=GND Pin=LED108-3
Added Pin To Net: NetName=5V Pin=LED109-1
Added Pin To Net: NetName=GND Pin=LED109-3
Added Pin To Net: NetName=5V Pin=LED110-1
Added Pin To Net: NetName=GND Pin=LED110-3
Added Pin To Net: NetName=5V Pin=LED111-1
Added Pin To Net: NetName=GND Pin=LED111-3
Added Pin To Net: NetName=5V Pin=LED112-1
Added Pin To Net: NetName=GND Pin=LED112-3
Added Pin To Net: NetName=5V Pin=LED113-1
Added Pin To Net: NetName=GND Pin=LED113-3
Added Pin To Net: NetName=5V Pin=LED114-1
Added Pin To Net: NetName=GND Pin=LED114-3
Added Pin To Net: NetName=5V Pin=LED115-1
Added Pin To Net: NetName=GND Pin=LED115-3
Added Pin To Net: NetName=5V Pin=LED116-1
Added Pin To Net: NetName=GND Pin=LED116-3
Added Pin To Net: NetName=5V Pin=LED117-1
Added Pin To Net: NetName=GND Pin=LED117-3
Added Pin To Net: NetName=5V Pin=LED118-1
Added Pin To Net: NetName=GND Pin=LED118-3
Added Pin To Net: NetName=5V Pin=LED119-1
Added Pin To Net: NetName=GND Pin=LED119-3
Added Pin To Net: NetName=5V Pin=LED120-1
Added Pin To Net: NetName=GND Pin=LED120-3
Added Pin To Net: NetName=5V Pin=LED121-1
Added Pin To Net: NetName=GND Pin=LED121-3
Added Pin To Net: NetName=5V Pin=LED122-1
Added Pin To Net: NetName=GND Pin=LED122-3
Added Pin To Net: NetName=5V Pin=LED123-1
Added Pin To Net: NetName=GND Pin=LED123-3
Added Pin To Net: NetName=5V Pin=LED124-1
Added Pin To Net: NetName=GND Pin=LED124-3
Added Pin To Net: NetName=5V Pin=LED125-1
Added Pin To Net: NetName=GND Pin=LED125-3
Added Pin To Net: NetName=5V Pin=LED126-1
Added Pin To Net: NetName=GND Pin=LED126-3
Added Pin To Net: NetName=5V Pin=LED127-1
Added Pin To Net: NetName=GND Pin=LED127-3
Added Pin To Net: NetName=5V Pin=LED128-1
Added Pin To Net: NetName=GND Pin=LED128-3
Added Pin To Net: NetName=5V Pin=LED129-1
Added Pin To Net: NetName=GND Pin=LED129-3
Added Pin To Net: NetName=5V Pin=LED130-1
Added Pin To Net: NetName=GND Pin=LED130-3
Added Pin To Net: NetName=5V Pin=LED131-1
Added Pin To Net: NetName=GND Pin=LED131-3
Added Pin To Net: NetName=5V Pin=LED132-1
Added Pin To Net: NetName=GND Pin=LED132-3
Added Pin To Net: NetName=5V Pin=LED133-1
Added Pin To Net: NetName=GND Pin=LED133-3
Added Pin To Net: NetName=5V Pin=LED134-1
Added Pin To Net: NetName=GND Pin=LED134-3
Added Pin To Net: NetName=5V Pin=LED135-1
Added Pin To Net: NetName=GND Pin=LED135-3
Added Pin To Net: NetName=5V Pin=LED136-1
Added Pin To Net: NetName=GND Pin=LED136-3
Added Pin To Net: NetName=5V Pin=LED137-1
Added Pin To Net: NetName=GND Pin=LED137-3
Added Pin To Net: NetName=5V Pin=LED138-1
Added Pin To Net: NetName=GND Pin=LED138-3
Added Pin To Net: NetName=5V Pin=LED139-1
Added Pin To Net: NetName=GND Pin=LED139-3
Added Pin To Net: NetName=5V Pin=LED140-1
Added Pin To Net: NetName=GND Pin=LED140-3
Added Pin To Net: NetName=5V Pin=LED141-1
Added Pin To Net: NetName=5V Pin=LED142-1
Added Pin To Net: NetName=GND Pin=LED142-3
Added Pin To Net: NetName=5V Pin=LED143-1
Added Pin To Net: NetName=GND Pin=LED143-3
Added Pin To Net: NetName=5V Pin=LED144-1
Added Pin To Net: NetName=GND Pin=LED144-3
Added Pin To Net: NetName=5V Pin=LED145-1
Added Pin To Net: NetName=GND Pin=LED145-3
Added Pin To Net: NetName=5V Pin=LED146-1
Added Pin To Net: NetName=GND Pin=LED146-3
Added Pin To Net: NetName=5V Pin=LED147-1
Added Pin To Net: NetName=GND Pin=LED147-3
Added Pin To Net: NetName=5V Pin=LED148-1
Added Pin To Net: NetName=GND Pin=LED148-3
Added Pin To Net: NetName=5V Pin=LED149-1
Added Pin To Net: NetName=GND Pin=LED149-3
Added Pin To Net: NetName=5V Pin=LED150-1
Added Pin To Net: NetName=GND Pin=LED150-3
Added Pin To Net: NetName=5V Pin=LED151-1
Added Pin To Net: NetName=GND Pin=LED151-3
Added Pin To Net: NetName=5V Pin=LED152-1
Added Pin To Net: NetName=GND Pin=LED152-3
Added Pin To Net: NetName=5V Pin=LED153-1
Added Pin To Net: NetName=GND Pin=LED153-3
Added Pin To Net: NetName=5V Pin=LED154-1
Added Pin To Net: NetName=GND Pin=LED154-3
Added Pin To Net: NetName=5V Pin=LED155-1
Added Pin To Net: NetName=GND Pin=LED155-3
Added Pin To Net: NetName=5V Pin=LED156-1
Added Pin To Net: NetName=GND Pin=LED156-3
Added Pin To Net: NetName=5V Pin=LED157-1
Added Pin To Net: NetName=GND Pin=LED157-3
Added Pin To Net: NetName=5V Pin=LED158-1
Added Pin To Net: NetName=GND Pin=LED158-3
Added Pin To Net: NetName=5V Pin=LED159-1
Added Pin To Net: NetName=GND Pin=LED159-3
Added Pin To Net: NetName=5V Pin=LED160-1
Added Pin To Net: NetName=GND Pin=LED160-3
Added Pin To Net: NetName=LED106 Pin=LED106-2
Added Pin To Net: NetName=LED106 Pin=LED107-4
Added Net: Name=LED106
Added Pin To Net: NetName=LED111 Pin=LED111-2
Added Pin To Net: NetName=LED111 Pin=LED112-4
Added Net: Name=LED111
Added Pin To Net: NetName=LED116 Pin=LED116-2
Added Pin To Net: NetName=LED116 Pin=LED117-4
Added Net: Name=LED116
Added Pin To Net: NetName=LED121 Pin=LED121-2
Added Pin To Net: NetName=LED121 Pin=LED122-4
Added Net: Name=LED121
Added Pin To Net: NetName=LED126 Pin=LED126-2
Added Pin To Net: NetName=LED126 Pin=LED127-4
Added Net: Name=LED126
Added Pin To Net: NetName=LED131 Pin=LED131-2
Added Pin To Net: NetName=LED131 Pin=LED132-4
Added Net: Name=LED131
Added Pin To Net: NetName=LED136 Pin=LED136-2
Added Pin To Net: NetName=LED136 Pin=LED137-4
Added Net: Name=LED136
Added Pin To Net: NetName=LED141 Pin=LED141-2
Added Pin To Net: NetName=LED141 Pin=LED142-4
Added Net: Name=LED141
Added Pin To Net: NetName=LED146 Pin=LED146-2
Added Pin To Net: NetName=LED146 Pin=LED147-4
Added Net: Name=LED146
Added Pin To Net: NetName=LED151 Pin=LED151-2
Added Pin To Net: NetName=LED151 Pin=LED152-4
Added Net: Name=LED151
Added Pin To Net: NetName=LED156 Pin=LED156-2
Added Pin To Net: NetName=LED156 Pin=LED157-4
Added Net: Name=LED156
Added Pin To Net: NetName=NetLED107_2 Pin=LED107-2
Added Pin To Net: NetName=NetLED107_2 Pin=LED108-4
Added Net: Name=NetLED107_2
Added Pin To Net: NetName=NetLED108_2 Pin=LED108-2
Added Pin To Net: NetName=NetLED108_2 Pin=LED109-4
Added Net: Name=NetLED108_2
Added Pin To Net: NetName=NetLED109_2 Pin=LED109-2
Added Pin To Net: NetName=NetLED109_2 Pin=LED110-4
Added Net: Name=NetLED109_2
Added Pin To Net: NetName=NetLED110_2 Pin=LED110-2
Added Pin To Net: NetName=NetLED110_2 Pin=LED111-4
Added Net: Name=NetLED110_2
Added Pin To Net: NetName=NetLED112_2 Pin=LED112-2
Added Pin To Net: NetName=NetLED112_2 Pin=LED113-4
Added Net: Name=NetLED112_2
Added Pin To Net: NetName=NetLED113_2 Pin=LED113-2
Added Pin To Net: NetName=NetLED113_2 Pin=LED114-4
Added Net: Name=NetLED113_2
Added Pin To Net: NetName=NetLED114_2 Pin=LED114-2
Added Pin To Net: NetName=NetLED114_2 Pin=LED115-4
Added Net: Name=NetLED114_2
Added Pin To Net: NetName=NetLED115_2 Pin=LED115-2
Added Pin To Net: NetName=NetLED115_2 Pin=LED116-4
Added Net: Name=NetLED115_2
Added Pin To Net: NetName=NetLED117_2 Pin=LED117-2
Added Pin To Net: NetName=NetLED117_2 Pin=LED118-4
Added Net: Name=NetLED117_2
Added Pin To Net: NetName=NetLED118_2 Pin=LED118-2
Added Pin To Net: NetName=NetLED118_2 Pin=LED119-4
Added Net: Name=NetLED118_2
Added Pin To Net: NetName=NetLED119_2 Pin=LED119-2
Added Pin To Net: NetName=NetLED119_2 Pin=LED120-4
Added Net: Name=NetLED119_2
Added Pin To Net: NetName=NetLED120_2 Pin=LED120-2
Added Pin To Net: NetName=NetLED120_2 Pin=LED121-4
Added Net: Name=NetLED120_2
Added Pin To Net: NetName=NetLED122_2 Pin=LED122-2
Added Pin To Net: NetName=NetLED122_2 Pin=LED123-4
Added Net: Name=NetLED122_2
Added Pin To Net: NetName=NetLED123_2 Pin=LED123-2
Added Pin To Net: NetName=NetLED123_2 Pin=LED124-4
Added Net: Name=NetLED123_2
Added Pin To Net: NetName=NetLED124_2 Pin=LED124-2
Added Pin To Net: NetName=NetLED124_2 Pin=LED125-4
Added Net: Name=NetLED124_2
Added Pin To Net: NetName=NetLED125_2 Pin=LED125-2
Added Pin To Net: NetName=NetLED125_2 Pin=LED126-4
Added Net: Name=NetLED125_2
Added Pin To Net: NetName=NetLED127_2 Pin=LED127-2
Added Pin To Net: NetName=NetLED127_2 Pin=LED128-4
Added Net: Name=NetLED127_2
Added Pin To Net: NetName=NetLED128_2 Pin=LED128-2
Added Pin To Net: NetName=NetLED128_2 Pin=LED129-4
Added Net: Name=NetLED128_2
Added Pin To Net: NetName=NetLED129_2 Pin=LED129-2
Added Pin To Net: NetName=NetLED129_2 Pin=LED130-4
Added Net: Name=NetLED129_2
Added Pin To Net: NetName=NetLED130_2 Pin=LED130-2
Added Pin To Net: NetName=NetLED130_2 Pin=LED131-4
Added Net: Name=NetLED130_2
Added Pin To Net: NetName=NetLED132_2 Pin=LED132-2
Added Pin To Net: NetName=NetLED132_2 Pin=LED133-4
Added Net: Name=NetLED132_2
Added Pin To Net: NetName=NetLED133_2 Pin=LED133-2
Added Pin To Net: NetName=NetLED133_2 Pin=LED134-4
Added Net: Name=NetLED133_2
Added Pin To Net: NetName=NetLED134_2 Pin=LED134-2
Added Pin To Net: NetName=NetLED134_2 Pin=LED135-4
Added Net: Name=NetLED134_2
Added Pin To Net: NetName=NetLED135_2 Pin=LED135-2
Added Pin To Net: NetName=NetLED135_2 Pin=LED136-4
Added Net: Name=NetLED135_2
Added Pin To Net: NetName=NetLED137_2 Pin=LED137-2
Added Pin To Net: NetName=NetLED137_2 Pin=LED138-4
Added Net: Name=NetLED137_2
Added Pin To Net: NetName=NetLED138_2 Pin=LED138-2
Added Pin To Net: NetName=NetLED138_2 Pin=LED139-4
Added Net: Name=NetLED138_2
Added Pin To Net: NetName=NetLED139_2 Pin=LED139-2
Added Pin To Net: NetName=NetLED139_2 Pin=LED140-4
Added Net: Name=NetLED139_2
Added Pin To Net: NetName=NetLED140_2 Pin=LED140-2
Added Pin To Net: NetName=NetLED140_2 Pin=LED141-4
Added Net: Name=NetLED140_2
Added Pin To Net: NetName=NetLED142_2 Pin=LED142-2
Added Pin To Net: NetName=NetLED142_2 Pin=LED143-4
Added Net: Name=NetLED142_2
Added Pin To Net: NetName=NetLED143_2 Pin=LED143-2
Added Pin To Net: NetName=NetLED143_2 Pin=LED144-4
Added Net: Name=NetLED143_2
Added Pin To Net: NetName=NetLED144_2 Pin=LED144-2
Added Pin To Net: NetName=NetLED144_2 Pin=LED145-4
Added Net: Name=NetLED144_2
Added Pin To Net: NetName=NetLED145_2 Pin=LED145-2
Added Pin To Net: NetName=NetLED145_2 Pin=LED146-4
Added Net: Name=NetLED145_2
Added Pin To Net: NetName=NetLED147_2 Pin=LED147-2
Added Pin To Net: NetName=NetLED147_2 Pin=LED148-4
Added Net: Name=NetLED147_2
Added Pin To Net: NetName=NetLED148_2 Pin=LED148-2
Added Pin To Net: NetName=NetLED148_2 Pin=LED149-4
Added Net: Name=NetLED148_2
Added Pin To Net: NetName=NetLED149_2 Pin=LED149-2
Added Pin To Net: NetName=NetLED149_2 Pin=LED150-4
Added Net: Name=NetLED149_2
Added Pin To Net: NetName=NetLED150_2 Pin=LED150-2
Added Pin To Net: NetName=NetLED150_2 Pin=LED151-4
Added Net: Name=NetLED150_2
Added Pin To Net: NetName=NetLED152_2 Pin=LED152-2
Added Pin To Net: NetName=NetLED152_2 Pin=LED153-4
Added Net: Name=NetLED152_2
Added Pin To Net: NetName=NetLED153_2 Pin=LED153-2
Added Pin To Net: NetName=NetLED153_2 Pin=LED154-4
Added Net: Name=NetLED153_2
Added Pin To Net: NetName=NetLED154_2 Pin=LED154-2
Added Pin To Net: NetName=NetLED154_2 Pin=LED155-4
Added Net: Name=NetLED154_2
Added Pin To Net: NetName=NetLED155_2 Pin=LED155-2
Added Pin To Net: NetName=NetLED155_2 Pin=LED156-4
Added Net: Name=NetLED155_2
Added Pin To Net: NetName=NetLED157_2 Pin=LED157-2
Added Pin To Net: NetName=NetLED157_2 Pin=LED158-4
Added Net: Name=NetLED157_2
Added Pin To Net: NetName=NetLED158_2 Pin=LED158-2
Added Pin To Net: NetName=NetLED158_2 Pin=LED159-4
Added Net: Name=NetLED158_2
Added Pin To Net: NetName=NetLED159_2 Pin=LED159-2
Added Pin To Net: NetName=NetLED159_2 Pin=LED160-4
Added Net: Name=NetLED159_2
Added Net: Name=NetR1_1
Added Class: Name=U_LED section 3
