Change Component Description : Designator=L7 Old Description=1uH ±20% 1A 180mO 0603 Inductors (SMD) RoHS New Description=1uH ±20% 1A 180mO 0603 Inductors (SMD) RoHS
Change Component Description : Designator=L4 Old Description=10O @ 100MHz 2.5A 1 50mO 0402 Ferrite Beads RoHS New Description=10O @ 100MHz 2.5A 1 50mO 0402 Ferrite Beads RoHS
Change Component Description : Designator=L5 Old Description=10O @ 100MHz 2.5A 1 50mO 0402 Ferrite Beads RoHS New Description=10O @ 100MHz 2.5A 1 50mO 0402 Ferrite Beads RoHS
Change Component Description : Designator=L3 Old Description=10O @ 100MHz 500mA 1 50mO 0402 Ferrite Beads RoHS New Description=10O @ 100MHz 500mA 1 50mO 0402 Ferrite Beads RoHS
Change Component Description : Designator=L12 Old Description=10uH ±20% 4A 62mO 0630,SMD,7.3x6.6mm Inductors (SMD) RoHS New Description=10uH ±20% 4A 62mO 0630,SMD,7.3x6.6mm Inductors (SMD) RoHS
Change Component Description : Designator=LS1 Old Description=NO 2700Hz 85dB @ 3V, 10cm 3V F9mm SMD,9x3.2mm Buzzers RoHS New Description=NO 2700Hz 85dB @ 3V, 10cm 3V F9mm SMD,9x3.2mm Buzzers RoHS
Change Component Description : Designator=LS2 Old Description=NO 2700Hz 85dB @ 3V, 10cm 3V F9mm SMD,9x3.2mm Buzzers RoHS New Description=NO 2700Hz 85dB @ 3V, 10cm 3V F9mm SMD,9x3.2mm Buzzers RoHS
Change Component Description : Designator=LS3 Old Description=NO 2700Hz 85dB @ 3V, 10cm 3V F9mm SMD,9x3.2mm Buzzers RoHS New Description=NO 2700Hz 85dB @ 3V, 10cm 3V F9mm SMD,9x3.2mm Buzzers RoHS
Change Component Description : Designator=LS4 Old Description=NO 2700Hz 85dB @ 3V, 10cm 3V F9mm SMD,9x3.2mm Buzzers RoHS New Description=NO 2700Hz 85dB @ 3V, 10cm 3V F9mm SMD,9x3.2mm Buzzers RoHS
Change component parameters: Designator = "L4"; Footprint = "HCB1005MF-100T25"; UniqueID = "\MUNXVJTB\MOEKIHME\YWLKYHVC"
Change component parameters. Clean all parameters for all variants
Change component parameters (AddParameter): Name = "Current Rating (Max)"; Value = "2.5A"; VariantName = "[No Variations]"
Change component parameters (AddParameter): Name = "DC Resistance (DCR) (Max)"; Value = "50mO"; VariantName = "[No Variations]"
Change component parameters (AddParameter): Name = "Manufacturer"; Value = "TAI-TECH"; VariantName = "[No Variations]"
Change component parameters (AddParameter): Name = "Number of Lines"; Value = "1"; VariantName = "[No Variations]"
Change component parameters (AddParameter): Name = "Package"; Value = "0402"; VariantName = "[No Variations]"
Change component parameters: Designator = "L5"; Footprint = "HCB1005MF-100T25"; UniqueID = "\MUNXVJTB\MOEKIHME\UOAIMUMT"
Change component parameters. Clean all parameters for all variants
Change component parameters (AddParameter): Name = "Current Rating (Max)"; Value = "2.5A"; VariantName = "[No Variations]"
Change component parameters (AddParameter): Name = "DC Resistance (DCR) (Max)"; Value = "50mO"; VariantName = "[No Variations]"
Change component parameters (AddParameter): Name = "Manufacturer"; Value = "TAI-TECH"; VariantName = "[No Variations]"
Change component parameters (AddParameter): Name = "Number of Lines"; Value = "1"; VariantName = "[No Variations]"
Change component parameters (AddParameter): Name = "Package"; Value = "0402"; VariantName = "[No Variations]"
Added Room: Name=U_Connector Section
Added Room: Name=U_Decoup_Cap 1
Added Room: Name=U_Decoup_Cap 2
Added Room: Name=U_LED_CONV_SIG
Added Room: Name=U_LED_POWER 2
Added Room: Name=U_LED_POWER
Added Room: Name=U_MAIN_CONN
Added Room: Name=U_MCU_POWER
Added Room: Name=U_POWER_SWITCH
Added Room: Name=U_Power Section
Added Room: Name=U_Ring 1
Added Room: Name=U_Ring 2_A
Added Room: Name=U_Ring 2_B
Added Room: Name=U_Ring 3_A
Added Room: Name=U_Ring 3_B
Added Room: Name=U_Ring 3_C
Added Room: Name=U_Ring 4_A
Added Room: Name=U_Ring 4_B
Added Room: Name=U_Ring 4_C
Added Room: Name=U_Ring 5_A
Added Room: Name=U_Ring 5_B
Added Room: Name=U_Ring 5_C
Added Room: Name=U_Ring 5_D
Added Room: Name=U_RTC_SEC
Added Room: Name=U_SEC_POWER
Added Room: Name=U_SOUND_SEC
